<?xml version="1.0" encoding="UTF-8"?>
<!-- Generated by org.testng.reporters.JUnitXMLReporter -->
<testsuite ignored="0" hostname="DESKTOP-M73JS29" failures="0" tests="4" name="Command line test" time="10.197" errors="0" timestamp="2023-11-16T20:03:09 IST">
  <testcase classname="api.tests.UserTest" name="testPostUser" time="5.727"/>
  <testcase classname="api.tests.UserTest" name="testGetUserData" time="1.464"/>
  <testcase classname="api.tests.UserTest" name="testUpdateUser" time="1.299"/>
  <testcase classname="api.tests.UserTest" name="testDeleteUser" time="1.189"/>
</testsuite> <!-- Command line test -->
