<?xml version="1.0" encoding="UTF-8" ?>
<testsuite tests="4" failures="0" name="api.tests.UserTest" time="9.684" errors="0" skipped="0">
  <properties>
[...]
</properties>
  <testcase classname="api.tests.UserTest" name="testPostUser" time="5.731"/>
  <testcase classname="api.tests.UserTest" name="testGetUserData" time="1.465"/>
  <testcase classname="api.tests.UserTest" name="testUpdateUser" time="1.299"/>
  <testcase classname="api.tests.UserTest" name="testDeleteUser" time="1.189"/>
</testsuite>