<?xml version="1.0" encoding="UTF-8"?>
<testng-results ignored="0" total="4" passed="4" failed="0" skipped="0">
  <reporter-output>
  </reporter-output>
  <suite started-at="2023-11-16T20:02:59 IST" name="api.tests.UserTest" finished-at="2023-11-16T20:03:09 IST" duration-ms="10197">
    <groups>
    </groups>
    <test started-at="2023-11-16T20:02:59 IST" name="Command line test" finished-at="2023-11-16T20:03:09 IST" duration-ms="10197">
      <class name="api.tests.UserTest">
        <test-method is-config="true" signature="setupData()[pri:0, instance:api.tests.UserTest@4206a205]" started-at="2023-11-16T20:02:59 IST" name="setupData" finished-at="2023-11-16T20:03:00 IST" duration-ms="394" status="PASS">
          <reporter-output>
          </reporter-output>
        </test-method> <!-- setupData -->
        <test-method signature="testPostUser()[pri:0, instance:api.tests.UserTest@4206a205]" started-at="2023-11-16T20:03:00 IST" name="testPostUser" finished-at="2023-11-16T20:03:05 IST" duration-ms="5727" status="PASS">
          <reporter-output>
          </reporter-output>
        </test-method> <!-- testPostUser -->
        <test-method signature="testGetUserData()[pri:1, instance:api.tests.UserTest@4206a205]" started-at="2023-11-16T20:03:05 IST" name="testGetUserData" finished-at="2023-11-16T20:03:07 IST" duration-ms="1464" status="PASS">
          <reporter-output>
          </reporter-output>
        </test-method> <!-- testGetUserData -->
        <test-method signature="testUpdateUser()[pri:2, instance:api.tests.UserTest@4206a205]" started-at="2023-11-16T20:03:07 IST" name="testUpdateUser" finished-at="2023-11-16T20:03:08 IST" duration-ms="1299" status="PASS">
          <reporter-output>
          </reporter-output>
        </test-method> <!-- testUpdateUser -->
        <test-method signature="testDeleteUser()[pri:3, instance:api.tests.UserTest@4206a205]" started-at="2023-11-16T20:03:08 IST" name="testDeleteUser" finished-at="2023-11-16T20:03:09 IST" duration-ms="1189" status="PASS">
          <reporter-output>
          </reporter-output>
        </test-method> <!-- testDeleteUser -->
      </class> <!-- api.tests.UserTest -->
    </test> <!-- Command line test -->
  </suite> <!-- api.tests.UserTest -->
</testng-results>
